<?xml version="1.0" encoding="UTF-8"?>
<!-- Generated by org.testng.reporters.JUnitXMLReporter -->
<testsuite ignored="0" hostname="DESKTOP-D316B3V" failures="1" tests="1" name="VerifyListOfResources" time="17.375" errors="0" timestamp="2024-10-09T13:00:57 GMT-07:00">
  <testcase classname="Entrata_Test_Cases.VerifyListOfResources" name="VerifyResources" time="5.155">
    <failure type="java.lang.AssertionError" message="Dropdown values do not match expected values!: Lists differ at element [0]: All Resources !=  expected [All Resources] but found []">
      <![CDATA[java.lang.AssertionError: Dropdown values do not match expected values!: Lists differ at element [0]: All Resources !=  expected [All Resources] but found []
at Entrata_Test_Cases.VerifyListOfResources.VerifyResources(VerifyListOfResources.java:51)
at java.base/java.util.ArrayList.forEach(ArrayList.java:1596)
... Removed 29 stack frames]]>
    </failure>
  </testcase> <!-- VerifyResources -->
</testsuite> <!-- VerifyListOfResources -->
