<?xml version="1.0" encoding="UTF-8"?>
<testsuite xmlns:xsi="http://www.w3.org/2001/XMLSchema-instance" xsi:noNamespaceSchemaLocation="https://maven.apache.org/surefire/maven-surefire-plugin/xsd/surefire-test-report-3.0.xsd" version="3.0" name="TestSuite" time="29.565" tests="5" errors="0" skipped="2" failures="2">
  <properties>
[...]
</properties>
  <testcase name="testHomePageLandingAndTitle" classname="Entrata_Test_Cases.HomePageVerificationTest" time="0.077">
    <system-err><![CDATA[SLF4J(W): No SLF4J providers were found.
SLF4J(W): Defaulting to no-operation (NOP) logger implementation
SLF4J(W): See https://www.slf4j.org/codes.html#noProviders for further details.
]]></system-err>
  </testcase>
  <testcase name="setup" classname="Entrata_Test_Cases.UsernameAndPasswordVisibilityTest" time="8.82">
    <failure message="element click intercepted: Element &lt;a href=&quot;/sign-in&quot; class=&quot;signin-button mb-full&quot;&gt;...&lt;/a&gt; is not clickable at point (1178, 49). Other element would receive the click: &lt;a href=&quot;/sign-in&quot; class=&quot;signin-button mb-full&quot;&gt;...&lt;/a&gt;&#10;  (Session info: chrome=129.0.6668.90)&#10;Build info: version: &apos;4.25.0&apos;, revision: &apos;8a8aea2337&apos;&#10;System info: os.name: &apos;Windows 10&apos;, os.arch: &apos;amd64&apos;, os.version: &apos;10.0&apos;, java.version: &apos;21.0.4&apos;&#10;Driver info: org.openqa.selenium.chrome.ChromeDriver&#10;Command: [ea5457d6903d8f27a454d4b9185d0c4f, clickElement {id=f.7729F1BD953DA4272342747A442942B1.d.E6361481183839DFF3B1B9EA557A0A82.e.39}]&#10;Capabilities {acceptInsecureCerts: false, browserName: chrome, browserVersion: 129.0.6668.90, chrome: {chromedriverVersion: 129.0.6668.91 (b00bc8b76d60..., userDataDir: C:\Users\DELL\AppData\Local...}, fedcm:accounts: true, goog:chromeOptions: {debuggerAddress: localhost:58574}, networkConnectionEnabled: false, pageLoadStrategy: normal, platformName: windows, proxy: Proxy(), se:cdp: ws://localhost:58574/devtoo..., se:cdpVersion: 129.0.6668.90, setWindowRect: true, strictFileInteractability: false, timeouts: {implicit: 0, pageLoad: 300000, script: 30000}, unhandledPromptBehavior: dismiss and notify, webauthn:extension:credBlob: true, webauthn:extension:largeBlob: true, webauthn:extension:minPinLength: true, webauthn:extension:prf: true, webauthn:virtualAuthenticators: true}&#10;Element: [[ChromeDriver: chrome on windows (ea5457d6903d8f27a454d4b9185d0c4f)] -&gt; link text: Sign In]&#10;Session ID: ea5457d6903d8f27a454d4b9185d0c4f" type="org.openqa.selenium.ElementClickInterceptedException"><![CDATA[org.openqa.selenium.ElementClickInterceptedException: 
element click intercepted: Element <a href="/sign-in" class="signin-button mb-full">...</a> is not clickable at point (1178, 49). Other element would receive the click: <a href="/sign-in" class="signin-button mb-full">...</a>
  (Session info: chrome=129.0.6668.90)
Build info: version: '4.25.0', revision: '8a8aea2337'
System info: os.name: 'Windows 10', os.arch: 'amd64', os.version: '10.0', java.version: '21.0.4'
Driver info: org.openqa.selenium.chrome.ChromeDriver
Command: [ea5457d6903d8f27a454d4b9185d0c4f, clickElement {id=f.7729F1BD953DA4272342747A442942B1.d.E6361481183839DFF3B1B9EA557A0A82.e.39}]
Capabilities {acceptInsecureCerts: false, browserName: chrome, browserVersion: 129.0.6668.90, chrome: {chromedriverVersion: 129.0.6668.91 (b00bc8b76d60..., userDataDir: C:\Users\DELL\AppData\Local...}, fedcm:accounts: true, goog:chromeOptions: {debuggerAddress: localhost:58574}, networkConnectionEnabled: false, pageLoadStrategy: normal, platformName: windows, proxy: Proxy(), se:cdp: ws://localhost:58574/devtoo..., se:cdpVersion: 129.0.6668.90, setWindowRect: true, strictFileInteractability: false, timeouts: {implicit: 0, pageLoad: 300000, script: 30000}, unhandledPromptBehavior: dismiss and notify, webauthn:extension:credBlob: true, webauthn:extension:largeBlob: true, webauthn:extension:minPinLength: true, webauthn:extension:prf: true, webauthn:virtualAuthenticators: true}
Element: [[ChromeDriver: chrome on windows (ea5457d6903d8f27a454d4b9185d0c4f)] -> link text: Sign In]
Session ID: ea5457d6903d8f27a454d4b9185d0c4f
	at Entrata_Test_Cases.UsernameAndPasswordVisibilityTest.setup(UsernameAndPasswordVisibilityTest.java:36)
]]></failure>
  </testcase>
  <testcase name="avaibilityOfUsernameandPassword" classname="Entrata_Test_Cases.UsernameAndPasswordVisibilityTest" time="0">
    <skipped message="element click intercepted: Element &lt;a href=&quot;/sign-in&quot; class=&quot;signin-button mb-full&quot;&gt;...&lt;/a&gt; is not clickable at point (1178, 49). Other element would receive the click: &lt;a href=&quot;/sign-in&quot; class=&quot;signin-button mb-full&quot;&gt;...&lt;/a&gt;&#10;  (Session info: chrome=129.0.6668.90)&#10;Build info: version: &apos;4.25.0&apos;, revision: &apos;8a8aea2337&apos;&#10;System info: os.name: &apos;Windows 10&apos;, os.arch: &apos;amd64&apos;, os.version: &apos;10.0&apos;, java.version: &apos;21.0.4&apos;&#10;Driver info: org.openqa.selenium.chrome.ChromeDriver&#10;Command: [ea5457d6903d8f27a454d4b9185d0c4f, clickElement {id=f.7729F1BD953DA4272342747A442942B1.d.E6361481183839DFF3B1B9EA557A0A82.e.39}]&#10;Capabilities {acceptInsecureCerts: false, browserName: chrome, browserVersion: 129.0.6668.90, chrome: {chromedriverVersion: 129.0.6668.91 (b00bc8b76d60..., userDataDir: C:\Users\DELL\AppData\Local...}, fedcm:accounts: true, goog:chromeOptions: {debuggerAddress: localhost:58574}, networkConnectionEnabled: false, pageLoadStrategy: normal, platformName: windows, proxy: Proxy(), se:cdp: ws://localhost:58574/devtoo..., se:cdpVersion: 129.0.6668.90, setWindowRect: true, strictFileInteractability: false, timeouts: {implicit: 0, pageLoad: 300000, script: 30000}, unhandledPromptBehavior: dismiss and notify, webauthn:extension:credBlob: true, webauthn:extension:largeBlob: true, webauthn:extension:minPinLength: true, webauthn:extension:prf: true, webauthn:virtualAuthenticators: true}&#10;Element: [[ChromeDriver: chrome on windows (ea5457d6903d8f27a454d4b9185d0c4f)] -&gt; link text: Sign In]&#10;Session ID: ea5457d6903d8f27a454d4b9185d0c4f"/>
  </testcase>
  <testcase name="closeBrowser" classname="Entrata_Test_Cases.UsernameAndPasswordVisibilityTest" time="0">
    <skipped/>
  </testcase>
  <testcase name="VerifyResources" classname="Entrata_Test_Cases.VerifyListOfResourcesTest" time="1.557">
    <failure message="Dropdown values do not match expected values!: Lists differ at element [0]: All Resources !=  expected [All Resources] but found []" type="java.lang.AssertionError"><![CDATA[java.lang.AssertionError: Dropdown values do not match expected values!: Lists differ at element [0]: All Resources !=  expected [All Resources] but found []
	at Entrata_Test_Cases.VerifyListOfResourcesTest.VerifyResources(VerifyListOfResourcesTest.java:50)
]]></failure>
    <system-out><![CDATA[




]]></system-out>
  </testcase>
</testsuite>